[2023-01-05T22:18:38.292148+00:00] Portfolios.WARNING: Nerasta kintamojo [] []
[2023-01-05T22:18:54.367540+00:00] Portfolios.WARNING: Neteisingi prisijungimo duomenys [] []
[2023-01-05T22:19:03.774993+00:00] Portfolios.WARNING: Nerasta kintamojo [] []
[2023-01-06T07:30:41.790365+00:00] Portfolios.WARNING: Kintamasis "klaida" nerastas [] []
[2023-01-06T07:30:57.703692+00:00] Portfolios.WARNING: Neteisingi prisijungimo duomenys [] []
[2023-01-06T07:32:19.405356+00:00] Portfolios.WARNING: Kintamasis "klaida" nerastas [] []
[2023-01-06T07:35:06.824107+00:00] Portfolios.WARNING: Kintamasis "klaida" nerastas [] []
[2023-01-06T07:45:47.224099+00:00] Portfolios.WARNING: Kintamasis "klaida" nerastas [] []
[2023-01-06T07:45:56.377163+00:00] Portfolios.WARNING:  [] []
[2023-01-06T07:46:07.458233+00:00] Portfolios.WARNING: Kintamasis "klaida" nerastas [] []
[2023-01-06T09:46:33.366239+00:00] Portfolios.ERROR: 404 [] []
[2023-01-06T09:46:43.566496+00:00] Portfolios.ERROR: 404 [] []
[2023-01-06T09:46:58.850719+00:00] Portfolios.ERROR: 404 [] []
[2023-01-06T09:47:48.775097+00:00] Portfolios.ERROR: 404 [] []
[2023-01-06T12:16:46.928471+00:00] Portfolios.WARNING: 404 [] []
[2023-01-06T14:32:43.106868+00:00] Portfolios.WARNING: 404 [] []
[2023-01-06T14:41:52.972554+00:00] Portfolios.WARNING: 404 [] []
[2023-01-06T14:42:04.058417+00:00] Portfolios.WARNING: 404 [] []
[2023-01-06T14:42:14.651514+00:00] Portfolios.WARNING: 404 [] []
[2023-01-06T14:42:21.980251+00:00] Portfolios.WARNING: 404 [] []
[2023-01-06T14:44:20.286733+00:00] Portfolios.WARNING: 404 [] []
[2023-01-06T14:44:29.099705+00:00] Portfolios.WARNING: 404 [] []
[2023-01-06T14:44:39.377292+00:00] Portfolios.WARNING: 404 [] []
[2023-01-06T14:44:44.858305+00:00] Portfolios.WARNING: 404 [] []
[2023-01-06T14:47:34.122544+00:00] Portfolios.WARNING: 404 [] []
[2023-01-06T14:47:36.866400+00:00] Portfolios.WARNING: 404 [] []
[2023-01-07T13:42:05.923925+00:00] Portfolios.WARNING: 404 [] []
[2023-01-07T13:42:15.599509+00:00] Portfolios.WARNING: 404 [] []
[2023-01-07T13:42:15.821818+00:00] Portfolios.WARNING: 404 [] []
[2023-01-07T13:42:23.689319+00:00] Portfolios.WARNING: 404 [] []
[2023-01-07T13:42:43.013051+00:00] Portfolios.WARNING: 404 [] []
[2023-01-07T13:42:59.080073+00:00] Portfolios.WARNING: 404 [] []
[2023-01-07T13:43:16.784751+00:00] Portfolios.WARNING: 404 [] []
[2023-01-07T14:15:25.629650+00:00] Portfolios.WARNING: 404 [] []
[2023-01-07T14:15:27.644205+00:00] Portfolios.WARNING: 404 [] []
[2023-01-07T14:15:29.822669+00:00] Portfolios.WARNING: 404 [] []
[2023-01-07T14:15:30.519007+00:00] Portfolios.WARNING: 404 [] []
[2023-01-07T14:15:32.259948+00:00] Portfolios.WARNING: 404 [] []
[2023-01-07T14:15:33.366565+00:00] Portfolios.WARNING: 404 [] []
[2023-01-07T14:15:40.486161+00:00] Portfolios.WARNING: 404 [] []
[2023-01-07T14:15:45.055956+00:00] Portfolios.WARNING: 404 [] []
[2023-01-07T14:16:12.729883+00:00] Portfolios.WARNING: 404 [] []
[2023-01-07T14:16:13.573677+00:00] Portfolios.WARNING: 404 [] []
[2023-01-07T14:16:14.267084+00:00] Portfolios.WARNING: 404 [] []
[2023-01-08T09:17:18.020913+00:00] Portfolios.WARNING: 404 [] []
[2023-01-08T09:17:18.150534+00:00] Portfolios.WARNING: 404 [] []
[2023-01-08T09:17:18.234715+00:00] Portfolios.WARNING: 404 [] []
[2023-01-08T09:17:18.316084+00:00] Portfolios.WARNING: 404 [] []
[2023-01-08T09:17:18.393720+00:00] Portfolios.WARNING: 404 [] []
[2023-01-08T09:17:18.474798+00:00] Portfolios.WARNING: 404 [] []
[2023-01-08T09:17:18.658148+00:00] Portfolios.WARNING: 404 [] []
[2023-01-08T09:18:49.750863+00:00] Portfolios.WARNING: 404 [] []
[2023-01-08T09:18:49.813058+00:00] Portfolios.WARNING: 404 [] []
[2023-01-08T09:18:49.817401+00:00] Portfolios.WARNING: 404 [] []
[2023-01-08T09:18:49.904277+00:00] Portfolios.WARNING: 404 [] []
[2023-01-08T09:18:49.989292+00:00] Portfolios.WARNING: 404 [] []
[2023-01-08T09:18:50.186519+00:00] Portfolios.WARNING: 404 [] []
[2023-01-08T09:20:10.587399+00:00] Portfolios.WARNING: 404 [] []
[2023-01-08T09:20:10.675968+00:00] Portfolios.WARNING: 404 [] []
[2023-01-08T09:20:10.786037+00:00] Portfolios.WARNING: 404 [] []
[2023-01-08T09:20:10.876907+00:00] Portfolios.WARNING: 404 [] []
[2023-01-08T09:20:10.953748+00:00] Portfolios.WARNING: 404 [] []
[2023-01-08T09:20:11.158364+00:00] Portfolios.WARNING: 404 [] []
[2023-01-08T09:24:32.592154+00:00] Portfolios.WARNING: 404 [] []
[2023-01-08T09:24:32.811435+00:00] Portfolios.WARNING: 404 [] []
[2023-01-08T09:26:14.895125+00:00] Portfolios.WARNING: 404 [] []
[2023-01-08T09:26:15.084333+00:00] Portfolios.WARNING: 404 [] []
[2023-01-08T09:28:42.909387+00:00] Portfolios.WARNING: 404 [] []
[2023-01-08T09:28:42.988165+00:00] Portfolios.WARNING: 404 [] []
[2023-01-08T09:28:43.073512+00:00] Portfolios.WARNING: 404 [] []
[2023-01-08T09:28:43.163302+00:00] Portfolios.WARNING: 404 [] []
[2023-01-08T09:28:43.239664+00:00] Portfolios.WARNING: 404 [] []
[2023-01-08T09:28:43.418872+00:00] Portfolios.WARNING: 404 [] []
[2023-01-08T09:49:04.074210+00:00] Portfolios.WARNING: 404 [] []
[2023-01-08T09:49:04.215342+00:00] Portfolios.WARNING: 404 [] []
[2023-01-08T09:49:04.298721+00:00] Portfolios.WARNING: 404 [] []
[2023-01-08T09:49:04.377611+00:00] Portfolios.WARNING: 404 [] []
[2023-01-08T09:49:04.575257+00:00] Portfolios.WARNING: 404 [] []
[2023-01-08T09:53:21.399613+00:00] Portfolios.WARNING: 404 [] []
[2023-01-08T09:53:21.569843+00:00] Portfolios.WARNING: 404 [] []
[2023-01-08T10:02:35.738016+00:00] Portfolios.WARNING: 404 [] []
[2023-01-08T10:02:35.846292+00:00] Portfolios.WARNING: 404 [] []
[2023-01-08T10:02:36.051883+00:00] Portfolios.WARNING: 404 [] []
[2023-01-08T10:02:56.802833+00:00] Portfolios.WARNING: 404 [] []
[2023-01-08T10:02:56.921317+00:00] Portfolios.WARNING: 404 [] []
[2023-01-08T10:02:57.138516+00:00] Portfolios.WARNING: 404 [] []
[2023-01-08T10:03:09.209973+00:00] Portfolios.WARNING: 404 [] []
[2023-01-08T10:03:09.308502+00:00] Portfolios.WARNING: 404 [] []
[2023-01-08T10:03:09.471104+00:00] Portfolios.WARNING: 404 [] []
[2023-01-08T10:06:51.704517+00:00] Portfolios.WARNING: 404 [] []
[2023-01-08T10:06:51.933413+00:00] Portfolios.WARNING: 404 [] []
[2023-01-08T10:07:00.879683+00:00] Portfolios.WARNING: 404 [] []
[2023-01-08T10:07:01.058997+00:00] Portfolios.WARNING: 404 [] []
[2023-01-08T10:13:48.764656+00:00] Portfolios.WARNING: 404 [] []
[2023-01-08T10:13:48.975401+00:00] Portfolios.WARNING: 404 [] []
[2023-01-08T10:14:07.604822+00:00] Portfolios.WARNING: 404 [] []
[2023-01-08T10:14:07.805248+00:00] Portfolios.WARNING: 404 [] []
[2023-01-08T10:14:14.726655+00:00] Portfolios.WARNING: 404 [] []
[2023-01-08T10:14:14.902338+00:00] Portfolios.WARNING: 404 [] []
[2023-01-08T10:14:20.062089+00:00] Portfolios.WARNING: 404 [] []
[2023-01-08T10:14:20.231899+00:00] Portfolios.WARNING: 404 [] []
[2023-01-08T10:22:15.947192+00:00] Portfolios.WARNING: 404 [] []
[2023-01-08T10:22:16.136735+00:00] Portfolios.WARNING: 404 [] []
[2023-01-08T10:36:23.413915+00:00] Portfolios.WARNING: 404 [] []
[2023-01-08T10:36:23.632908+00:00] Portfolios.WARNING: 404 [] []
[2023-01-08T10:47:55.298771+00:00] Portfolios.WARNING: 404 [] []
[2023-01-08T10:47:57.199823+00:00] Portfolios.WARNING: 404 [] []
[2023-01-08T11:00:30.249320+00:00] Portfolios.WARNING: 404 [] []
[2023-01-08T11:00:46.216156+00:00] Portfolios.WARNING: 404 [] []
[2023-01-08T11:00:46.407055+00:00] Portfolios.WARNING: 404 [] []
[2023-01-08T11:00:57.895873+00:00] Portfolios.WARNING: 404 [] []
[2023-01-08T11:01:07.519384+00:00] Portfolios.WARNING: 404 [] []
[2023-01-08T11:01:07.706670+00:00] Portfolios.WARNING: 404 [] []
[2023-01-08T11:04:17.019246+00:00] Portfolios.WARNING: 404 [] []
[2023-01-08T11:04:23.065573+00:00] Portfolios.WARNING: 404 [] []
[2023-01-08T11:04:23.237794+00:00] Portfolios.WARNING: 404 [] []
[2023-01-08T11:04:28.913464+00:00] Portfolios.WARNING: 404 [] []
[2023-01-08T11:05:48.403573+00:00] Portfolios.WARNING: 404 [] []
[2023-01-08T11:11:01.380727+00:00] Portfolios.WARNING: 404 [] []
[2023-01-08T11:11:01.561071+00:00] Portfolios.WARNING: 404 [] []
[2023-01-08T11:11:07.005282+00:00] Portfolios.WARNING: 404 [] []
[2023-01-08T11:22:34.260305+00:00] Portfolios.WARNING: 404 [] []
[2023-01-08T11:22:46.926395+00:00] Portfolios.WARNING: 404 [] []
[2023-01-08T11:22:47.110564+00:00] Portfolios.WARNING: 404 [] []
[2023-01-08T11:22:56.605629+00:00] Portfolios.WARNING: 404 [] []
[2023-01-08T11:27:08.727325+00:00] Portfolios.WARNING: 404 [] []
[2023-01-08T11:32:28.609677+00:00] Portfolios.WARNING: 404 [] []
[2023-01-08T11:33:57.282004+00:00] Portfolios.WARNING: 404 [] []
[2023-01-08T11:33:58.471579+00:00] Portfolios.WARNING: 404 [] []
[2023-01-08T11:34:11.524336+00:00] Portfolios.WARNING: 404 [] []
[2023-01-08T11:34:16.238968+00:00] Portfolios.WARNING: 404 [] []
[2023-01-08T11:34:23.997517+00:00] Portfolios.WARNING: 404 [] []
[2023-01-08T11:44:19.119633+00:00] Portfolios.WARNING: 404 [] []
[2023-01-08T11:47:50.783391+00:00] Portfolios.WARNING: 404 [] []
[2023-01-08T11:49:52.115300+00:00] Portfolios.WARNING: 404 [] []
[2023-01-08T11:49:52.285030+00:00] Portfolios.WARNING: 404 [] []
[2023-01-08T12:03:42.677713+00:00] Portfolios.WARNING: 404 [] []
[2023-01-08T12:05:22.251370+00:00] Portfolios.WARNING: 404 [] []
[2023-01-08T12:05:54.079661+00:00] Portfolios.WARNING: 404 [] []
[2023-01-08T12:06:09.195080+00:00] Portfolios.WARNING: 404 [] []
[2023-01-08T12:07:34.945928+00:00] Portfolios.WARNING: 404 [] []
[2023-01-08T12:08:36.061178+00:00] Portfolios.WARNING: 404 [] []
[2023-01-08T12:08:36.314379+00:00] Portfolios.WARNING: 404 [] []
[2023-01-08T12:08:38.854165+00:00] Portfolios.WARNING: 404 [] []
[2023-01-08T12:08:40.258886+00:00] Portfolios.WARNING: 404 [] []
[2023-01-08T12:08:40.481623+00:00] Portfolios.WARNING: 404 [] []
[2023-01-08T12:09:18.021685+00:00] Portfolios.WARNING: 404 [] []
[2023-01-08T12:09:52.907352+00:00] Portfolios.WARNING: 404 [] []
[2023-01-08T12:09:53.185583+00:00] Portfolios.WARNING: 404 [] []
[2023-01-08T12:09:55.605958+00:00] Portfolios.WARNING: 404 [] []
[2023-01-08T12:10:06.912799+00:00] Portfolios.WARNING: 404 [] []
[2023-01-08T12:10:07.153275+00:00] Portfolios.WARNING: 404 [] []
[2023-01-08T12:10:10.778417+00:00] Portfolios.WARNING: 404 [] []
[2023-01-08T12:13:13.708518+00:00] Portfolios.WARNING: 404 [] []
[2023-01-08T12:13:13.825860+00:00] Portfolios.WARNING: 404 [] []
[2023-01-08T12:15:00.504190+00:00] Portfolios.WARNING: 404 [] []
[2023-01-08T12:15:00.702060+00:00] Portfolios.WARNING: 404 [] []
[2023-01-08T12:15:03.775045+00:00] Portfolios.WARNING: 404 [] []
[2023-01-08T12:15:21.837120+00:00] Portfolios.WARNING: 404 [] []
[2023-01-08T12:15:22.023325+00:00] Portfolios.WARNING: 404 [] []
[2023-01-08T12:15:24.552394+00:00] Portfolios.WARNING: 404 [] []
[2023-01-08T12:15:28.847025+00:00] Portfolios.WARNING: 404 [] []
[2023-01-08T12:15:29.013427+00:00] Portfolios.WARNING: 404 [] []
[2023-01-08T12:15:30.738850+00:00] Portfolios.WARNING: 404 [] []
[2023-01-08T12:15:30.949092+00:00] Portfolios.WARNING: 404 [] []
[2023-01-08T12:15:32.133913+00:00] Portfolios.WARNING: 404 [] []
[2023-01-08T12:15:32.345381+00:00] Portfolios.WARNING: 404 [] []
[2023-01-08T12:15:33.175727+00:00] Portfolios.WARNING: 404 [] []
[2023-01-08T12:15:33.360155+00:00] Portfolios.WARNING: 404 [] []
[2023-01-08T12:16:05.318839+00:00] Portfolios.WARNING: 404 [] []
[2023-01-08T12:16:16.863119+00:00] Portfolios.WARNING: 404 [] []
[2023-01-08T12:16:20.256644+00:00] Portfolios.WARNING: 404 [] []
[2023-01-08T12:16:20.447380+00:00] Portfolios.WARNING: 404 [] []
[2023-01-08T12:16:39.584000+00:00] Portfolios.WARNING: 404 [] []
[2023-01-08T12:17:24.194971+00:00] Portfolios.WARNING: 404 [] []
[2023-01-08T12:17:24.376180+00:00] Portfolios.WARNING: 404 [] []
[2023-01-08T12:17:53.524941+00:00] Portfolios.WARNING: 404 [] []
[2023-01-08T12:17:53.729703+00:00] Portfolios.WARNING: 404 [] []
[2023-01-08T12:17:54.915092+00:00] Portfolios.WARNING: 404 [] []
[2023-01-08T12:17:57.018256+00:00] Portfolios.WARNING: 404 [] []
[2023-01-08T12:18:43.849045+00:00] Portfolios.WARNING: 404 [] []
[2023-01-08T12:18:43.928474+00:00] Portfolios.WARNING: 404 [] []
[2023-01-08T12:19:02.585723+00:00] Portfolios.WARNING: 404 [] []
[2023-01-08T12:19:02.837113+00:00] Portfolios.WARNING: 404 [] []
[2023-01-08T12:19:20.927120+00:00] Portfolios.WARNING: 404 [] []
[2023-01-08T12:19:21.003553+00:00] Portfolios.WARNING: 404 [] []
[2023-01-08T12:19:22.659837+00:00] Portfolios.WARNING: 404 [] []
[2023-01-08T12:19:22.721984+00:00] Portfolios.WARNING: 404 [] []
[2023-01-08T12:19:24.063422+00:00] Portfolios.WARNING: 404 [] []
[2023-01-08T12:19:24.126910+00:00] Portfolios.WARNING: 404 [] []
[2023-01-08T12:19:31.453820+00:00] Portfolios.WARNING: 404 [] []
[2023-01-08T12:19:31.669594+00:00] Portfolios.WARNING: 404 [] []
[2023-01-08T12:19:33.885919+00:00] Portfolios.WARNING: 404 [] []
[2023-01-08T12:19:33.979444+00:00] Portfolios.WARNING: 404 [] []
[2023-01-08T12:19:35.204408+00:00] Portfolios.WARNING: 404 [] []
[2023-01-08T12:19:35.456094+00:00] Portfolios.WARNING: 404 [] []
[2023-01-08T12:19:37.032512+00:00] Portfolios.WARNING: 404 [] []
[2023-01-08T12:19:37.151887+00:00] Portfolios.WARNING: 404 [] []
[2023-01-08T12:19:38.402906+00:00] Portfolios.WARNING: 404 [] []
[2023-01-08T12:19:38.459396+00:00] Portfolios.WARNING: 404 [] []
[2023-01-08T12:19:41.494799+00:00] Portfolios.WARNING: 404 [] []
[2023-01-08T12:19:41.566107+00:00] Portfolios.WARNING: 404 [] []
[2023-01-08T12:21:23.612254+00:00] Portfolios.WARNING: 404 [] []
[2023-01-08T12:21:23.724692+00:00] Portfolios.WARNING: 404 [] []
[2023-01-08T12:23:30.939598+00:00] Portfolios.WARNING: 404 [] []
[2023-01-08T12:23:31.204487+00:00] Portfolios.WARNING: 404 [] []
[2023-01-08T12:23:33.733865+00:00] Portfolios.WARNING: 404 [] []
[2023-01-08T12:23:33.829126+00:00] Portfolios.WARNING: 404 [] []
[2023-01-08T12:26:52.150391+00:00] Portfolios.WARNING: 404 [] []
[2023-01-08T12:26:52.237411+00:00] Portfolios.WARNING: 404 [] []
[2023-01-08T12:28:51.938917+00:00] Portfolios.WARNING: 404 [] []
[2023-01-08T12:28:52.026785+00:00] Portfolios.WARNING: 404 [] []
[2023-01-08T12:28:53.918766+00:00] Portfolios.WARNING: 404 [] []
[2023-01-08T12:28:53.968199+00:00] Portfolios.WARNING: 404 [] []
[2023-01-08T12:28:55.277625+00:00] Portfolios.WARNING: 404 [] []
[2023-01-08T12:28:55.328947+00:00] Portfolios.WARNING: 404 [] []
[2023-01-08T12:28:57.160609+00:00] Portfolios.WARNING: 404 [] []
[2023-01-08T12:28:57.209432+00:00] Portfolios.WARNING: 404 [] []
[2023-01-08T12:29:24.709024+00:00] Portfolios.WARNING: 404 [] []
[2023-01-08T12:29:24.789055+00:00] Portfolios.WARNING: 404 [] []
[2023-01-08T12:30:50.223676+00:00] Portfolios.WARNING: 404 [] []
[2023-01-08T12:31:20.631608+00:00] Portfolios.WARNING: 404 [] []
[2023-01-08T12:31:59.330935+00:00] Portfolios.WARNING: 404 [] []
[2023-01-08T12:32:38.360783+00:00] Portfolios.WARNING: 404 [] []
[2023-01-08T12:33:25.371098+00:00] Portfolios.WARNING: 404 [] []
[2023-01-08T12:34:11.679801+00:00] Portfolios.WARNING: 404 [] []
[2023-01-08T12:35:11.812432+00:00] Portfolios.WARNING: 404 [] []
[2023-01-08T12:35:14.204144+00:00] Portfolios.WARNING: 404 [] []
[2023-01-08T12:35:14.368560+00:00] Portfolios.WARNING: 404 [] []
[2023-01-08T12:35:16.533063+00:00] Portfolios.WARNING: 404 [] []
[2023-01-08T12:35:18.179669+00:00] Portfolios.WARNING: 404 [] []
[2023-01-08T12:35:28.366069+00:00] Portfolios.WARNING: 404 [] []
[2023-01-08T12:38:42.468363+00:00] Portfolios.WARNING: 404 [] []
[2023-01-08T12:41:00.607459+00:00] Portfolios.WARNING: 404 [] []
[2023-01-08T12:41:44.457570+00:00] Portfolios.WARNING: 404 [] []
[2023-01-08T12:41:45.995119+00:00] Portfolios.WARNING: 404 [] []
[2023-01-08T12:41:47.018676+00:00] Portfolios.WARNING: 404 [] []
[2023-01-08T12:42:00.952499+00:00] Portfolios.WARNING: 404 [] []
[2023-01-08T12:42:10.809333+00:00] Portfolios.WARNING: 404 [] []
[2023-01-08T12:42:11.844544+00:00] Portfolios.WARNING: 404 [] []
[2023-01-08T12:42:42.508588+00:00] Portfolios.WARNING: 404 [] []
[2023-01-08T12:45:33.704498+00:00] Portfolios.WARNING: 404 [] []
[2023-01-08T12:45:33.800766+00:00] Portfolios.WARNING: 404 [] []
[2023-01-08T12:45:51.087671+00:00] Portfolios.WARNING: 404 [] []
[2023-01-08T12:45:51.197864+00:00] Portfolios.WARNING: 404 [] []
[2023-01-08T12:45:54.750688+00:00] Portfolios.WARNING: 404 [] []
[2023-01-08T12:45:54.819995+00:00] Portfolios.WARNING: 404 [] []
[2023-01-08T12:45:56.147292+00:00] Portfolios.WARNING: 404 [] []
[2023-01-08T12:45:56.202633+00:00] Portfolios.WARNING: 404 [] []
[2023-01-08T12:46:07.940765+00:00] Portfolios.WARNING: 404 [] []
[2023-01-08T12:46:08.068869+00:00] Portfolios.WARNING: 404 [] []
[2023-01-08T12:49:24.039993+00:00] Portfolios.WARNING: 404 [] []
[2023-01-08T12:49:24.235475+00:00] Portfolios.WARNING: 404 [] []
[2023-01-08T12:59:19.741587+00:00] Portfolios.WARNING: 404 [] []
[2023-01-08T12:59:19.839359+00:00] Portfolios.WARNING: 404 [] []
[2023-01-08T12:59:22.925282+00:00] Portfolios.WARNING: 404 [] []
[2023-01-08T12:59:23.048936+00:00] Portfolios.WARNING: 404 [] []
[2023-01-08T12:59:24.085560+00:00] Portfolios.WARNING: 404 [] []
[2023-01-08T12:59:24.151683+00:00] Portfolios.WARNING: 404 [] []
[2023-01-08T12:59:25.213214+00:00] Portfolios.WARNING: 404 [] []
[2023-01-08T12:59:25.266902+00:00] Portfolios.WARNING: 404 [] []
[2023-01-08T12:59:26.381968+00:00] Portfolios.WARNING: 404 [] []
[2023-01-08T12:59:26.437081+00:00] Portfolios.WARNING: 404 [] []
[2023-01-08T13:00:52.798182+00:00] Portfolios.WARNING: 404 [] []
[2023-01-08T13:04:42.677198+00:00] Portfolios.WARNING: 404 [] []
[2023-01-08T13:07:04.531343+00:00] Portfolios.WARNING: 404 [] []
[2023-01-08T13:07:04.719146+00:00] Portfolios.WARNING: 404 [] []
[2023-01-08T13:07:33.226842+00:00] Portfolios.WARNING: 404 [] []
[2023-01-08T13:08:28.690735+00:00] Portfolios.WARNING: 404 [] []
[2023-01-08T13:08:30.689068+00:00] Portfolios.WARNING: 404 [] []
[2023-01-08T13:08:31.667520+00:00] Portfolios.WARNING: 404 [] []
[2023-01-08T13:09:37.932793+00:00] Portfolios.WARNING: 404 [] []
[2023-01-08T13:09:38.926058+00:00] Portfolios.WARNING: 404 [] []
[2023-01-08T13:12:26.033695+00:00] Portfolios.WARNING: 404 [] []
[2023-01-08T13:12:28.306946+00:00] Portfolios.WARNING: 404 [] []
[2023-01-08T13:13:02.118701+00:00] Portfolios.WARNING: 404 [] []
[2023-01-08T13:15:57.154006+00:00] Portfolios.WARNING: 404 [] []
[2023-01-08T13:16:36.705362+00:00] Portfolios.WARNING: 404 [] []
[2023-01-08T13:17:28.388825+00:00] Portfolios.WARNING: 404 [] []
[2023-01-08T13:18:11.418424+00:00] Portfolios.WARNING: 404 [] []
[2023-01-08T13:19:45.498040+00:00] Portfolios.WARNING: 404 [] []
[2023-01-08T13:19:45.677262+00:00] Portfolios.WARNING: 404 [] []
[2023-01-08T13:40:53.504284+00:00] Portfolios.WARNING: 404 [] []
[2023-01-08T13:41:17.200627+00:00] Portfolios.WARNING: 404 [] []
[2023-01-08T13:41:23.399837+00:00] Portfolios.WARNING: 404 [] []
[2023-01-08T13:56:12.848975+00:00] Portfolios.WARNING: 404 [] []
[2023-01-08T13:56:15.338993+00:00] Portfolios.WARNING: 404 [] []
[2023-01-08T13:56:22.121171+00:00] Portfolios.WARNING: 404 [] []
[2023-01-08T13:56:23.118864+00:00] Portfolios.WARNING: 404 [] []
[2023-01-08T13:56:24.842186+00:00] Portfolios.WARNING: 404 [] []
[2023-01-08T13:58:55.409705+00:00] Portfolios.WARNING: 404 [] []
[2023-01-08T13:59:42.747409+00:00] Portfolios.WARNING: 404 [] []
[2023-01-08T13:59:45.715589+00:00] Portfolios.WARNING: 404 [] []
[2023-01-08T14:01:12.221007+00:00] Portfolios.WARNING: 404 [] []
[2023-01-08T14:10:38.559694+00:00] Portfolios.WARNING: 404 [] []
[2023-01-08T14:10:43.152935+00:00] Portfolios.WARNING: 404 [] []
[2023-01-08T14:10:47.136400+00:00] Portfolios.WARNING: 404 [] []
[2023-01-08T14:11:42.206752+00:00] Portfolios.WARNING: 404 [] []
[2023-01-08T14:12:06.465126+00:00] Portfolios.WARNING: 404 [] []
[2023-01-08T14:12:49.226852+00:00] Portfolios.WARNING: 404 [] []
[2023-01-08T14:12:50.709877+00:00] Portfolios.WARNING: 404 [] []
[2023-01-08T14:13:03.603495+00:00] Portfolios.WARNING: 404 [] []
[2023-01-08T14:17:10.193665+00:00] Portfolios.WARNING: 404 [] []
[2023-01-08T14:19:27.740500+00:00] Portfolios.WARNING: 404 [] []
[2023-01-08T14:23:26.801778+00:00] Portfolios.WARNING: 404 [] []
[2023-01-08T14:25:04.313200+00:00] Portfolios.WARNING: 404 [] []
[2023-01-08T14:25:17.435713+00:00] Portfolios.WARNING: 404 [] []
[2023-01-08T14:25:33.564954+00:00] Portfolios.WARNING: 404 [] []
[2023-01-08T14:30:36.736725+00:00] Portfolios.WARNING: 404 [] []
[2023-01-08T14:31:18.791887+00:00] Portfolios.WARNING: 404 [] []
[2023-01-08T14:32:06.138650+00:00] Portfolios.WARNING: 404 [] []
[2023-01-08T14:32:35.385111+00:00] Portfolios.WARNING: 404 [] []
[2023-01-08T14:32:35.614948+00:00] Portfolios.WARNING: 404 [] []
[2023-01-08T14:32:38.567508+00:00] Portfolios.WARNING: 404 [] []
[2023-01-08T14:32:38.668625+00:00] Portfolios.WARNING: 404 [] []
[2023-01-08T14:32:40.801347+00:00] Portfolios.WARNING: 404 [] []
[2023-01-08T14:32:41.056478+00:00] Portfolios.WARNING: 404 [] []
[2023-01-08T14:32:44.010424+00:00] Portfolios.WARNING: 404 [] []
[2023-01-08T14:32:44.135266+00:00] Portfolios.WARNING: 404 [] []
[2023-01-08T14:33:46.251078+00:00] Portfolios.WARNING: 404 [] []
[2023-01-08T14:33:46.346160+00:00] Portfolios.WARNING: 404 [] []
[2023-01-08T14:34:58.831094+00:00] Portfolios.WARNING: 404 [] []
[2023-01-08T14:35:13.807402+00:00] Portfolios.WARNING: 404 [] []
[2023-01-08T14:35:20.446164+00:00] Portfolios.WARNING: 404 [] []
[2023-01-08T14:36:44.911863+00:00] Portfolios.WARNING: 404 [] []
[2023-01-08T14:45:28.907668+00:00] Portfolios.WARNING: 404 [] []
[2023-01-08T14:45:29.124863+00:00] Portfolios.WARNING: 404 [] []
[2023-01-08T14:45:31.271318+00:00] Portfolios.WARNING: 404 [] []
[2023-01-08T14:45:35.591717+00:00] Portfolios.WARNING: 404 [] []
[2023-01-08T14:45:55.150057+00:00] Portfolios.WARNING: 404 [] []
[2023-01-08T14:45:55.400387+00:00] Portfolios.WARNING: 404 [] []
[2023-01-08T14:45:57.739850+00:00] Portfolios.WARNING: 404 [] []
[2023-01-08T14:45:57.826208+00:00] Portfolios.WARNING: 404 [] []
[2023-01-08T14:50:50.076110+00:00] Portfolios.WARNING: 404 [] []
[2023-01-08T14:50:50.206659+00:00] Portfolios.WARNING: 404 [] []
[2023-01-08T14:54:17.456590+00:00] Portfolios.WARNING: 404 [] []
[2023-01-08T14:54:17.558135+00:00] Portfolios.WARNING: 404 [] []
[2023-01-08T14:54:24.689082+00:00] Portfolios.WARNING: 404 [] []
[2023-01-08T14:56:07.771053+00:00] Portfolios.WARNING: 404 [] []
[2023-01-08T14:57:58.469187+00:00] Portfolios.WARNING: 404 [] []
[2023-01-08T14:58:01.367387+00:00] Portfolios.WARNING: 404 [] []
[2023-01-08T14:58:03.320651+00:00] Portfolios.WARNING: 404 [] []
[2023-01-08T15:01:46.591496+00:00] Portfolios.WARNING: 404 [] []
[2023-01-08T15:02:47.805813+00:00] Portfolios.WARNING: 404 [] []
[2023-01-08T15:04:02.637143+00:00] Portfolios.WARNING: 404 [] []
[2023-01-08T15:04:04.621745+00:00] Portfolios.WARNING: 404 [] []
[2023-01-08T15:05:52.309692+00:00] Portfolios.WARNING: 404 [] []
[2023-01-08T15:06:31.158093+00:00] Portfolios.WARNING: 404 [] []
[2023-01-08T15:06:55.362027+00:00] Portfolios.WARNING: 404 [] []
[2023-01-08T15:07:58.371551+00:00] Portfolios.WARNING: 404 [] []
[2023-01-08T15:08:10.987960+00:00] Portfolios.WARNING: 404 [] []
[2023-01-08T15:08:18.582125+00:00] Portfolios.WARNING: 404 [] []
[2023-01-08T15:08:21.339359+00:00] Portfolios.WARNING: 404 [] []
[2023-01-08T15:10:44.339818+00:00] Portfolios.WARNING: 404 [] []
[2023-01-08T15:10:45.766202+00:00] Portfolios.WARNING: 404 [] []
[2023-01-08T15:14:13.755526+00:00] Portfolios.WARNING: 404 [] []
[2023-01-08T15:14:16.547801+00:00] Portfolios.WARNING: 404 [] []
[2023-01-08T15:19:21.267674+00:00] Portfolios.WARNING: 404 [] []
[2023-01-08T15:19:32.352604+00:00] Portfolios.WARNING: 404 [] []
[2023-01-08T15:20:33.028556+00:00] Portfolios.WARNING: 404 [] []
[2023-01-08T15:21:18.005476+00:00] Portfolios.WARNING: 404 [] []
[2023-01-08T15:27:51.561456+00:00] Portfolios.WARNING: 404 [] []
[2023-01-08T15:28:06.015273+00:00] Portfolios.WARNING: 404 [] []
[2023-01-08T15:28:24.504721+00:00] Portfolios.WARNING: 404 [] []
[2023-01-08T15:29:19.921865+00:00] Portfolios.WARNING: 404 [] []
[2023-01-08T15:29:21.069037+00:00] Portfolios.WARNING: 404 [] []
[2023-01-08T15:29:25.632494+00:00] Portfolios.WARNING: 404 [] []
[2023-01-08T15:31:02.174656+00:00] Portfolios.WARNING: 404 [] []
[2023-01-08T15:31:03.858215+00:00] Portfolios.WARNING: 404 [] []
[2023-01-08T15:31:16.132181+00:00] Portfolios.WARNING: 404 [] []
[2023-01-08T15:31:17.916421+00:00] Portfolios.WARNING: 404 [] []
[2023-01-08T15:31:19.466996+00:00] Portfolios.WARNING: 404 [] []
[2023-01-08T15:34:16.922749+00:00] Portfolios.WARNING: 404 [] []
[2023-01-08T15:34:22.774398+00:00] Portfolios.WARNING: 404 [] []
[2023-01-08T15:34:33.205304+00:00] Portfolios.WARNING: 404 [] []
[2023-01-08T15:37:44.243125+00:00] Portfolios.WARNING: 404 [] []
[2023-01-08T15:38:07.679160+00:00] Portfolios.WARNING: 404 [] []
[2023-01-08T15:38:36.141771+00:00] Portfolios.WARNING: 404 [] []
[2023-01-08T15:38:38.469621+00:00] Portfolios.WARNING: 404 [] []
[2023-01-08T15:38:40.306024+00:00] Portfolios.WARNING: 404 [] []
[2023-01-08T15:38:42.569189+00:00] Portfolios.WARNING: 404 [] []
[2023-01-08T15:38:44.431508+00:00] Portfolios.WARNING: 404 [] []
[2023-01-08T15:39:19.309776+00:00] Portfolios.WARNING: 404 [] []
[2023-01-08T15:43:40.695401+00:00] Portfolios.WARNING: 404 [] []
[2023-01-08T15:43:46.047716+00:00] Portfolios.WARNING: 404 [] []
[2023-01-08T15:44:01.036629+00:00] Portfolios.WARNING: 404 [] []
[2023-01-08T15:44:03.184263+00:00] Portfolios.WARNING: 404 [] []
[2023-01-08T15:44:04.392141+00:00] Portfolios.WARNING: 404 [] []
[2023-01-08T15:45:17.320884+00:00] Portfolios.WARNING: 404 [] []
[2023-01-08T15:46:16.980841+00:00] Portfolios.WARNING: 404 [] []
[2023-01-08T15:46:21.687078+00:00] Portfolios.WARNING: 404 [] []
[2023-01-08T15:47:47.993851+00:00] Portfolios.WARNING: 404 [] []
[2023-01-08T15:51:22.753439+00:00] Portfolios.WARNING: 404 [] []
[2023-01-08T15:51:34.439212+00:00] Portfolios.WARNING: 404 [] []
[2023-01-08T15:54:24.102313+00:00] Portfolios.WARNING: 404 [] []
[2023-01-08T15:54:24.233880+00:00] Portfolios.WARNING: 404 [] []
[2023-01-08T15:55:01.673752+00:00] Portfolios.WARNING: 404 [] []
[2023-01-08T15:55:01.799793+00:00] Portfolios.WARNING: 404 [] []
[2023-01-08T15:55:41.292025+00:00] Portfolios.WARNING: 404 [] []
[2023-01-08T15:55:41.547435+00:00] Portfolios.WARNING: 404 [] []
[2023-01-08T15:55:44.035134+00:00] Portfolios.WARNING: 404 [] []
[2023-01-08T15:55:44.176087+00:00] Portfolios.WARNING: 404 [] []
[2023-01-08T15:55:46.849243+00:00] Portfolios.WARNING: 404 [] []
[2023-01-08T15:55:46.978928+00:00] Portfolios.WARNING: 404 [] []
[2023-01-08T15:56:00.097674+00:00] Portfolios.WARNING: 404 [] []
[2023-01-08T15:56:00.200242+00:00] Portfolios.WARNING: 404 [] []
[2023-01-08T15:56:01.712229+00:00] Portfolios.WARNING: 404 [] []
[2023-01-08T15:56:01.763423+00:00] Portfolios.WARNING: 404 [] []
[2023-01-08T15:56:49.885769+00:00] Portfolios.WARNING: 404 [] []
[2023-01-08T15:56:49.987483+00:00] Portfolios.WARNING: 404 [] []
[2023-01-08T16:00:29.815573+00:00] Portfolios.WARNING: 404 [] []
[2023-01-08T16:00:29.916840+00:00] Portfolios.WARNING: 404 [] []
[2023-01-08T16:02:12.027496+00:00] Portfolios.WARNING: 404 [] []
[2023-01-08T16:02:12.154198+00:00] Portfolios.WARNING: 404 [] []
[2023-01-08T16:02:22.297195+00:00] Portfolios.WARNING: 404 [] []
[2023-01-08T16:03:22.666019+00:00] Portfolios.WARNING: 404 [] []
[2023-01-08T16:03:22.866166+00:00] Portfolios.WARNING: 404 [] []
[2023-01-08T16:05:48.698764+00:00] Portfolios.WARNING: 404 [] []
[2023-01-08T16:05:48.780785+00:00] Portfolios.WARNING: 404 [] []
[2023-01-08T16:20:37.697946+00:00] Portfolios.WARNING: 404 [] []
[2023-01-08T16:20:37.797536+00:00] Portfolios.WARNING: 404 [] []
[2023-01-08T16:20:37.904273+00:00] Portfolios.WARNING: 404 [] []
[2023-01-08T16:21:06.163507+00:00] Portfolios.WARNING: 404 [] []
[2023-01-08T16:21:06.300373+00:00] Portfolios.WARNING: 404 [] []
[2023-01-08T16:22:42.525861+00:00] Portfolios.WARNING: 404 [] []
[2023-01-08T16:22:42.643326+00:00] Portfolios.WARNING: 404 [] []
[2023-01-08T16:22:42.749913+00:00] Portfolios.WARNING: 404 [] []
[2023-01-08T16:22:42.855225+00:00] Portfolios.WARNING: 404 [] []
[2023-01-08T16:22:42.906411+00:00] Portfolios.WARNING: 404 [] []
[2023-01-08T16:25:18.775624+00:00] Portfolios.WARNING: 404 [] []
[2023-01-08T16:25:18.910288+00:00] Portfolios.WARNING: 404 [] []
[2023-01-08T16:25:19.018411+00:00] Portfolios.WARNING: 404 [] []
[2023-01-08T16:25:19.151934+00:00] Portfolios.WARNING: 404 [] []
[2023-01-08T16:25:19.243175+00:00] Portfolios.WARNING: 404 [] []
[2023-01-08T16:26:21.871082+00:00] Portfolios.WARNING: 404 [] []
[2023-01-08T16:26:22.023808+00:00] Portfolios.WARNING: 404 [] []
[2023-01-08T16:26:22.143969+00:00] Portfolios.WARNING: 404 [] []
[2023-01-08T16:26:22.245104+00:00] Portfolios.WARNING: 404 [] []
[2023-01-08T16:26:22.327086+00:00] Portfolios.WARNING: 404 [] []
[2023-01-08T16:28:25.175141+00:00] Portfolios.WARNING: 404 [] []
[2023-01-08T16:28:25.292332+00:00] Portfolios.WARNING: 404 [] []
[2023-01-08T16:28:25.399444+00:00] Portfolios.WARNING: 404 [] []
[2023-01-08T16:28:25.508759+00:00] Portfolios.WARNING: 404 [] []
[2023-01-08T16:28:25.585225+00:00] Portfolios.WARNING: 404 [] []
[2023-01-08T16:37:12.780610+00:00] Portfolios.WARNING: 404 [] []
[2023-01-08T16:37:12.886073+00:00] Portfolios.WARNING: 404 [] []
[2023-01-08T16:37:13.029597+00:00] Portfolios.WARNING: 404 [] []
[2023-01-08T16:37:13.163102+00:00] Portfolios.WARNING: 404 [] []
[2023-01-08T16:37:13.240248+00:00] Portfolios.WARNING: 404 [] []
[2023-01-08T16:38:29.352843+00:00] Portfolios.WARNING: 404 [] []
[2023-01-08T16:38:29.473347+00:00] Portfolios.WARNING: 404 [] []
[2023-01-08T16:38:29.578873+00:00] Portfolios.WARNING: 404 [] []
[2023-01-08T16:38:29.679096+00:00] Portfolios.WARNING: 404 [] []
[2023-01-08T16:38:29.753755+00:00] Portfolios.WARNING: 404 [] []
[2023-01-08T16:41:11.635381+00:00] Portfolios.WARNING: 404 [] []
[2023-01-08T16:41:11.839189+00:00] Portfolios.WARNING: 404 [] []
[2023-01-08T16:41:11.977588+00:00] Portfolios.WARNING: 404 [] []
[2023-01-08T16:41:12.076265+00:00] Portfolios.WARNING: 404 [] []
[2023-01-08T16:41:12.154490+00:00] Portfolios.WARNING: 404 [] []
[2023-01-08T16:45:36.959031+00:00] Portfolios.WARNING: 404 [] []
[2023-01-08T16:45:37.055247+00:00] Portfolios.WARNING: 404 [] []
[2023-01-08T16:46:24.583799+00:00] Portfolios.WARNING: 404 [] []
[2023-01-08T16:46:24.730799+00:00] Portfolios.WARNING: 404 [] []
[2023-01-08T16:46:57.575778+00:00] Portfolios.WARNING: 404 [] []
[2023-01-08T16:48:41.110493+00:00] Portfolios.WARNING: 404 [] []
[2023-01-08T16:48:41.363051+00:00] Portfolios.WARNING: 404 [] []
[2023-01-08T16:49:30.749235+00:00] Portfolios.WARNING: 404 [] []
[2023-01-08T16:49:30.873201+00:00] Portfolios.WARNING: 404 [] []
[2023-01-08T16:49:32.760427+00:00] Portfolios.WARNING: 404 [] []
[2023-01-08T16:49:32.825426+00:00] Portfolios.WARNING: 404 [] []
[2023-01-08T16:49:34.424215+00:00] Portfolios.WARNING: 404 [] []
[2023-01-08T16:49:34.497108+00:00] Portfolios.WARNING: 404 [] []
[2023-01-08T16:50:34.638965+00:00] Portfolios.WARNING: 404 [] []
[2023-01-08T16:50:34.749068+00:00] Portfolios.WARNING: 404 [] []
[2023-01-08T16:50:36.549960+00:00] Portfolios.WARNING: 404 [] []
[2023-01-08T16:50:36.610775+00:00] Portfolios.WARNING: 404 [] []
[2023-01-08T16:50:38.263170+00:00] Portfolios.WARNING: 404 [] []
[2023-01-08T16:50:38.378438+00:00] Portfolios.WARNING: 404 [] []
[2023-01-08T16:50:40.376900+00:00] Portfolios.WARNING: 404 [] []
[2023-01-08T16:50:40.434429+00:00] Portfolios.WARNING: 404 [] []
[2023-01-08T16:53:49.156572+00:00] Portfolios.WARNING: 404 [] []
[2023-01-08T16:53:49.297450+00:00] Portfolios.WARNING: 404 [] []
[2023-01-08T16:54:36.075540+00:00] Portfolios.WARNING: 404 [] []
[2023-01-08T16:54:36.151183+00:00] Portfolios.WARNING: 404 [] []
[2023-01-08T16:54:43.772095+00:00] Portfolios.WARNING: 404 [] []
[2023-01-08T16:54:43.865380+00:00] Portfolios.WARNING: 404 [] []
[2023-01-08T16:54:52.929112+00:00] Portfolios.WARNING: 404 [] []
[2023-01-08T16:54:53.048500+00:00] Portfolios.WARNING: 404 [] []
[2023-01-08T16:54:53.865274+00:00] Portfolios.WARNING: 404 [] []
[2023-01-08T16:54:53.929102+00:00] Portfolios.WARNING: 404 [] []
[2023-01-08T16:55:11.861302+00:00] Portfolios.WARNING: 404 [] []
[2023-01-08T16:55:11.959716+00:00] Portfolios.WARNING: 404 [] []
[2023-01-08T16:56:04.193412+00:00] Portfolios.WARNING: 404 [] []
[2023-01-08T16:56:04.303453+00:00] Portfolios.WARNING: 404 [] []
[2023-01-08T16:56:32.996335+00:00] Portfolios.WARNING: 404 [] []
[2023-01-08T16:58:01.371488+00:00] Portfolios.WARNING: 404 [] []
[2023-01-08T16:58:01.462685+00:00] Portfolios.WARNING: 404 [] []
[2023-01-08T16:58:03.205118+00:00] Portfolios.WARNING: 404 [] []
[2023-01-08T16:58:03.263149+00:00] Portfolios.WARNING: 404 [] []
[2023-01-08T17:07:14.283330+00:00] Portfolios.WARNING: 404 [] []
[2023-01-08T17:07:14.407807+00:00] Portfolios.WARNING: 404 [] []
[2023-01-08T17:07:16.050822+00:00] Portfolios.WARNING: 404 [] []
[2023-01-08T17:07:16.100698+00:00] Portfolios.WARNING: 404 [] []
[2023-01-08T17:07:17.467801+00:00] Portfolios.WARNING: 404 [] []
[2023-01-08T17:07:17.525824+00:00] Portfolios.WARNING: 404 [] []
[2023-01-08T17:10:25.101941+00:00] Portfolios.WARNING: 404 [] []
[2023-01-08T17:10:25.180683+00:00] Portfolios.WARNING: 404 [] []
[2023-01-08T17:13:14.423114+00:00] Portfolios.WARNING: 404 [] []
[2023-01-08T17:13:14.534822+00:00] Portfolios.WARNING: 404 [] []
[2023-01-08T17:13:42.786265+00:00] Portfolios.WARNING: 404 [] []
[2023-01-08T17:13:42.897365+00:00] Portfolios.WARNING: 404 [] []
[2023-01-08T17:13:44.380236+00:00] Portfolios.WARNING: 404 [] []
[2023-01-08T17:13:44.447024+00:00] Portfolios.WARNING: 404 [] []
[2023-01-08T17:18:55.074279+00:00] Portfolios.WARNING: 404 [] []
[2023-01-08T17:18:55.175071+00:00] Portfolios.WARNING: 404 [] []
[2023-01-08T17:20:52.564325+00:00] Portfolios.WARNING: 404 [] []
[2023-01-08T17:20:52.698418+00:00] Portfolios.WARNING: 404 [] []
[2023-01-08T17:20:54.456229+00:00] Portfolios.WARNING: 404 [] []
[2023-01-08T17:20:54.519533+00:00] Portfolios.WARNING: 404 [] []
[2023-01-08T17:22:09.607349+00:00] Portfolios.WARNING: 404 [] []
[2023-01-08T17:22:09.729252+00:00] Portfolios.WARNING: 404 [] []
[2023-01-08T17:26:32.538991+00:00] Portfolios.WARNING: 404 [] []
[2023-01-08T17:26:32.662223+00:00] Portfolios.WARNING: 404 [] []
[2023-01-08T17:26:41.135380+00:00] Portfolios.WARNING: 404 [] []
[2023-01-08T17:26:41.239671+00:00] Portfolios.WARNING: 404 [] []
[2023-01-08T17:26:44.437918+00:00] Portfolios.WARNING: 404 [] []
[2023-01-08T17:26:44.537121+00:00] Portfolios.WARNING: 404 [] []
[2023-01-08T17:28:53.650277+00:00] Portfolios.WARNING: 404 [] []
[2023-01-08T17:28:53.741286+00:00] Portfolios.WARNING: 404 [] []
[2023-01-08T17:29:20.482014+00:00] Portfolios.WARNING: 404 [] []
[2023-01-08T17:29:20.567843+00:00] Portfolios.WARNING: 404 [] []
[2023-01-08T17:29:22.675172+00:00] Portfolios.WARNING: 404 [] []
[2023-01-08T17:29:22.790458+00:00] Portfolios.WARNING: 404 [] []
[2023-01-08T17:29:24.452244+00:00] Portfolios.WARNING: 404 [] []
[2023-01-08T17:29:24.506132+00:00] Portfolios.WARNING: 404 [] []
[2023-01-08T17:30:45.704130+00:00] Portfolios.WARNING: 404 [] []
[2023-01-08T17:30:45.801909+00:00] Portfolios.WARNING: 404 [] []
[2023-01-08T17:31:24.404452+00:00] Portfolios.WARNING: 404 [] []
[2023-01-08T17:31:24.482563+00:00] Portfolios.WARNING: 404 [] []
[2023-01-08T17:31:25.652572+00:00] Portfolios.WARNING: 404 [] []
[2023-01-08T17:31:25.715094+00:00] Portfolios.WARNING: 404 [] []
[2023-01-08T17:31:40.092374+00:00] Portfolios.WARNING: 404 [] []
[2023-01-08T17:31:40.223777+00:00] Portfolios.WARNING: 404 [] []
[2023-01-08T17:31:41.884878+00:00] Portfolios.WARNING: 404 [] []
[2023-01-08T17:31:41.952274+00:00] Portfolios.WARNING: 404 [] []
[2023-01-08T17:33:10.483287+00:00] Portfolios.WARNING: 404 [] []
[2023-01-08T17:33:10.594694+00:00] Portfolios.WARNING: 404 [] []
[2023-01-08T17:33:12.383210+00:00] Portfolios.WARNING: 404 [] []
[2023-01-08T17:33:12.444193+00:00] Portfolios.WARNING: 404 [] []
[2023-01-08T17:33:13.552160+00:00] Portfolios.WARNING: 404 [] []
[2023-01-08T17:33:13.635206+00:00] Portfolios.WARNING: 404 [] []
[2023-01-08T17:33:14.378717+00:00] Portfolios.WARNING: 404 [] []
[2023-01-08T17:33:14.450498+00:00] Portfolios.WARNING: 404 [] []
[2023-01-08T17:33:15.623244+00:00] Portfolios.WARNING: 404 [] []
[2023-01-08T17:33:15.700817+00:00] Portfolios.WARNING: 404 [] []
[2023-01-08T17:33:16.871849+00:00] Portfolios.WARNING: 404 [] []
[2023-01-08T17:33:16.930830+00:00] Portfolios.WARNING: 404 [] []
[2023-01-08T17:34:37.917272+00:00] Portfolios.WARNING: 404 [] []
[2023-01-08T17:34:38.100129+00:00] Portfolios.WARNING: 404 [] []
[2023-01-08T17:35:13.043215+00:00] Portfolios.WARNING: 404 [] []
[2023-01-08T17:35:13.162585+00:00] Portfolios.WARNING: 404 [] []
[2023-01-08T17:35:37.994379+00:00] Portfolios.WARNING: 404 [] []
[2023-01-08T17:35:38.091041+00:00] Portfolios.WARNING: 404 [] []
[2023-01-08T17:37:18.534623+00:00] Portfolios.WARNING: 404 [] []
[2023-01-08T17:37:18.647308+00:00] Portfolios.WARNING: 404 [] []
[2023-01-08T17:38:00.641948+00:00] Portfolios.WARNING: 404 [] []
[2023-01-08T17:38:00.761040+00:00] Portfolios.WARNING: 404 [] []
[2023-01-08T17:38:21.810286+00:00] Portfolios.WARNING: 404 [] []
[2023-01-08T17:38:21.935560+00:00] Portfolios.WARNING: 404 [] []
[2023-01-08T17:39:13.454408+00:00] Portfolios.WARNING: 404 [] []
[2023-01-08T17:39:13.588720+00:00] Portfolios.WARNING: 404 [] []
[2023-01-08T17:39:17.239988+00:00] Portfolios.WARNING: 404 [] []
[2023-01-08T17:39:17.295334+00:00] Portfolios.WARNING: 404 [] []
[2023-01-08T17:39:18.218997+00:00] Portfolios.WARNING: 404 [] []
[2023-01-08T17:39:18.268379+00:00] Portfolios.WARNING: 404 [] []
[2023-01-08T17:39:32.837814+00:00] Portfolios.WARNING: 404 [] []
[2023-01-08T17:39:32.964294+00:00] Portfolios.WARNING: 404 [] []
[2023-01-08T17:39:49.405411+00:00] Portfolios.WARNING: 404 [] []
[2023-01-08T17:39:49.524592+00:00] Portfolios.WARNING: 404 [] []
[2023-01-08T17:40:59.022895+00:00] Portfolios.WARNING: 404 [] []
[2023-01-08T17:40:59.142566+00:00] Portfolios.WARNING: 404 [] []
[2023-01-08T17:41:23.778874+00:00] Portfolios.WARNING: 404 [] []
[2023-01-08T17:41:23.880355+00:00] Portfolios.WARNING: 404 [] []
[2023-01-08T17:44:33.824209+00:00] Portfolios.WARNING: 404 [] []
[2023-01-08T17:44:33.964251+00:00] Portfolios.WARNING: 404 [] []
[2023-01-08T17:45:53.451631+00:00] Portfolios.WARNING: 404 [] []
[2023-01-08T17:45:53.645624+00:00] Portfolios.WARNING: 404 [] []
[2023-01-08T17:45:56.266149+00:00] Portfolios.WARNING: 404 [] []
[2023-01-08T18:06:57.859230+00:00] Portfolios.WARNING: 404 [] []
[2023-01-08T18:07:00.847335+00:00] Portfolios.WARNING: 404 [] []
[2023-01-08T18:07:04.469848+00:00] Portfolios.WARNING: 404 [] []
[2023-01-08T18:07:08.337208+00:00] Portfolios.WARNING: 404 [] []
[2023-01-08T18:07:08.514051+00:00] Portfolios.WARNING: 404 [] []
[2023-01-08T18:07:12.747238+00:00] Portfolios.WARNING: 404 [] []
[2023-01-08T18:07:28.391085+00:00] Portfolios.WARNING: 404 [] []
[2023-01-08T20:03:24.373346+00:00] Portfolios.WARNING: 404 [] []
[2023-01-08T20:03:28.006760+00:00] Portfolios.WARNING: 404 [] []
[2023-01-08T20:03:28.110471+00:00] Portfolios.WARNING: 404 [] []
[2023-01-08T20:05:41.626154+00:00] Portfolios.WARNING: 404 [] []
[2023-01-08T20:05:43.468294+00:00] Portfolios.WARNING: 404 [] []
[2023-01-08T20:05:44.440419+00:00] Portfolios.WARNING: 404 [] []
[2023-01-08T20:06:09.693435+00:00] Portfolios.WARNING: 404 [] []
[2023-01-08T20:06:10.640776+00:00] Portfolios.WARNING: 404 [] []
[2023-01-08T20:06:11.518064+00:00] Portfolios.WARNING: 404 [] []
[2023-01-08T20:06:11.818164+00:00] Portfolios.WARNING: 404 [] []
[2023-01-08T20:07:58.255909+00:00] Portfolios.WARNING: 404 [] []
[2023-01-08T20:08:23.235476+00:00] Portfolios.WARNING: 404 [] []
[2023-01-08T20:09:29.849882+00:00] Portfolios.WARNING: 404 [] []
[2023-01-08T20:09:31.413051+00:00] Portfolios.WARNING: 404 [] []
[2023-01-08T20:14:53.781903+00:00] Portfolios.WARNING: 404 [] []
[2023-01-08T20:15:14.348445+00:00] Portfolios.WARNING: 404 [] []
[2023-01-08T20:15:49.128621+00:00] Portfolios.WARNING: 404 [] []
[2023-01-08T20:15:49.286506+00:00] Portfolios.WARNING: 404 [] []
[2023-01-08T20:16:44.157196+00:00] Portfolios.WARNING: 404 [] []
[2023-01-08T20:16:44.291679+00:00] Portfolios.WARNING: 404 [] []
[2023-01-08T20:18:03.004805+00:00] Portfolios.WARNING: 404 [] []
[2023-01-08T20:18:10.072488+00:00] Portfolios.WARNING: 404 [] []
[2023-01-08T20:20:58.908365+00:00] Portfolios.WARNING: 404 [] []
[2023-01-08T20:21:01.087099+00:00] Portfolios.WARNING: 404 [] []
[2023-01-08T20:21:02.259885+00:00] Portfolios.WARNING: 404 [] []
[2023-01-08T20:31:01.939527+00:00] Portfolios.WARNING: 404 [] []
[2023-01-08T20:34:29.701928+00:00] Portfolios.WARNING: 404 [] []
[2023-01-08T20:37:41.000709+00:00] Portfolios.WARNING: 404 [] []
[2023-01-08T20:37:54.699286+00:00] Portfolios.WARNING: 404 [] []
[2023-01-08T20:39:20.973098+00:00] Portfolios.WARNING: 404 [] []
[2023-01-08T20:40:26.230405+00:00] Portfolios.WARNING: 404 [] []
[2023-01-08T20:41:18.437297+00:00] Portfolios.WARNING: 404 [] []
[2023-01-08T20:43:05.544109+00:00] Portfolios.WARNING: 404 [] []
[2023-01-08T20:52:25.098655+00:00] Portfolios.WARNING: 404 [] []
[2023-01-08T20:52:46.096261+00:00] Portfolios.WARNING: 404 [] []
[2023-01-08T20:56:02.379070+00:00] Portfolios.WARNING: 404 [] []
[2023-01-08T20:56:04.224471+00:00] Portfolios.WARNING: 404 [] []
[2023-01-08T20:56:05.344286+00:00] Portfolios.WARNING: 404 [] []
[2023-01-08T20:56:06.561535+00:00] Portfolios.WARNING: 404 [] []
[2023-01-08T20:56:06.849622+00:00] Portfolios.WARNING: 404 [] []
[2023-01-08T20:59:31.336370+00:00] Portfolios.WARNING: 404 [] []
[2023-01-08T21:00:10.499585+00:00] Portfolios.WARNING: 404 [] []
[2023-01-08T21:01:27.953368+00:00] Portfolios.WARNING: 404 [] []
[2023-01-08T21:01:29.807196+00:00] Portfolios.WARNING: 404 [] []
[2023-01-08T21:01:33.245538+00:00] Portfolios.WARNING: 404 [] []
[2023-01-08T21:01:45.289798+00:00] Portfolios.WARNING: 404 [] []
[2023-01-08T21:03:45.866986+00:00] Portfolios.WARNING: 404 [] []
[2023-01-08T21:06:05.799448+00:00] Portfolios.WARNING: 404 [] []
[2023-01-08T21:06:43.030522+00:00] Portfolios.WARNING: 404 [] []
[2023-01-08T21:06:44.345244+00:00] Portfolios.WARNING: 404 [] []
[2023-01-08T21:06:45.759768+00:00] Portfolios.WARNING: 404 [] []
[2023-01-08T21:06:48.224997+00:00] Portfolios.WARNING: 404 [] []
[2023-01-08T21:14:31.687849+00:00] Portfolios.WARNING: 404 [] []
[2023-01-08T21:15:26.451699+00:00] Portfolios.WARNING: 404 [] []
[2023-01-08T21:15:50.397130+00:00] Portfolios.WARNING: 404 [] []
[2023-01-08T21:19:22.282850+00:00] Portfolios.WARNING: 404 [] []
[2023-01-08T21:19:54.983264+00:00] Portfolios.WARNING: 404 [] []
[2023-01-08T21:20:24.162416+00:00] Portfolios.WARNING: 404 [] []
[2023-01-08T21:22:02.205463+00:00] Portfolios.WARNING: 404 [] []
[2023-01-08T21:23:32.719418+00:00] Portfolios.WARNING: 404 [] []
[2023-01-08T21:24:05.349616+00:00] Portfolios.WARNING: 404 [] []
[2023-01-08T21:24:06.640393+00:00] Portfolios.WARNING: 404 [] []
[2023-01-08T21:24:08.223807+00:00] Portfolios.WARNING: 404 [] []
[2023-01-08T21:24:20.054943+00:00] Portfolios.WARNING: 404 [] []
[2023-01-08T21:24:21.965345+00:00] Portfolios.WARNING: 404 [] []
[2023-01-08T21:25:11.987773+00:00] Portfolios.WARNING: 404 [] []
[2023-01-08T21:33:00.241150+00:00] Portfolios.WARNING: 404 [] []
[2023-01-08T21:33:02.775962+00:00] Portfolios.WARNING: 404 [] []
[2023-01-08T21:35:11.638018+00:00] Portfolios.WARNING: 404 [] []
[2023-01-08T21:36:40.326927+00:00] Portfolios.WARNING: 404 [] []
[2023-01-08T21:36:41.348779+00:00] Portfolios.WARNING: 404 [] []
[2023-01-08T21:38:20.440993+00:00] Portfolios.WARNING: 404 [] []
[2023-01-08T21:51:14.122532+00:00] Portfolios.WARNING: 404 [] []
[2023-01-08T21:51:23.341913+00:00] Portfolios.WARNING: 404 [] []
[2023-01-08T21:51:26.179343+00:00] Portfolios.WARNING: 404 [] []
[2023-01-08T21:53:52.786340+00:00] Portfolios.WARNING: 404 [] []
[2023-01-08T21:53:56.998825+00:00] Portfolios.WARNING: 404 [] []
[2023-01-08T21:56:32.351334+00:00] Portfolios.WARNING: 404 [] []
[2023-01-08T21:57:49.609457+00:00] Portfolios.WARNING: 404 [] []
[2023-01-08T21:59:55.934880+00:00] Portfolios.WARNING: 404 [] []
[2023-01-08T22:09:55.542972+00:00] Portfolios.WARNING: 404 [] []
[2023-01-08T22:09:58.999409+00:00] Portfolios.WARNING: 404 [] []
[2023-01-08T22:10:35.417349+00:00] Portfolios.WARNING: 404 [] []
[2023-01-08T22:13:16.297833+00:00] Portfolios.WARNING: 404 [] []
[2023-01-08T22:13:44.669929+00:00] Portfolios.WARNING: 404 [] []
[2023-01-08T22:14:54.722067+00:00] Portfolios.WARNING: 404 [] []
[2023-01-08T22:29:05.224042+00:00] Portfolios.WARNING: 404 [] []
[2023-01-09T07:07:28.360781+00:00] Portfolios.WARNING: 404 [] []
[2023-01-09T07:07:30.511444+00:00] Portfolios.WARNING: 404 [] []
[2023-01-09T07:07:32.611587+00:00] Portfolios.WARNING: 404 [] []
[2023-01-09T07:07:49.516799+00:00] Portfolios.WARNING: 404 [] []
[2023-01-09T07:07:53.037025+00:00] Portfolios.WARNING: 404 [] []
[2023-01-09T07:07:59.540805+00:00] Portfolios.WARNING: 404 [] []
[2023-01-09T07:09:53.088612+00:00] Portfolios.WARNING: 404 [] []
[2023-01-09T07:09:54.936392+00:00] Portfolios.WARNING: 404 [] []
[2023-01-09T09:05:05.476526+00:00] Portfolios.WARNING: 404 [] []
[2023-01-09T09:05:05.612539+00:00] Portfolios.WARNING: 404 [] []
[2023-01-09T09:05:06.063510+00:00] Portfolios.WARNING: 404 [] []
[2023-01-09T09:05:16.299118+00:00] Portfolios.WARNING: 404 [] []
[2023-01-09T09:05:16.748670+00:00] Portfolios.WARNING: 404 [] []
[2023-01-09T09:05:16.897006+00:00] Portfolios.WARNING: 404 [] []
[2023-01-09T09:05:17.286600+00:00] Portfolios.WARNING: 404 [] []
[2023-01-09T09:05:33.735252+00:00] Portfolios.WARNING: 404 [] []
[2023-01-09T09:05:34.108486+00:00] Portfolios.WARNING: 404 [] []
[2023-01-09T09:05:34.247544+00:00] Portfolios.WARNING: 404 [] []
[2023-01-09T09:05:34.647962+00:00] Portfolios.WARNING: 404 [] []
[2023-01-09T09:05:42.168783+00:00] Portfolios.WARNING: 404 [] []
[2023-01-09T09:05:42.580977+00:00] Portfolios.WARNING: 404 [] []
[2023-01-09T09:05:42.747107+00:00] Portfolios.WARNING: 404 [] []
[2023-01-09T09:05:43.165101+00:00] Portfolios.WARNING: 404 [] []
[2023-01-09T09:05:54.312656+00:00] Portfolios.WARNING: 404 [] []
[2023-01-09T09:06:17.054449+00:00] Portfolios.WARNING: 404 [] []
[2023-01-09T09:08:23.011595+00:00] Portfolios.WARNING: 404 [] []
[2023-01-09T09:08:34.090500+00:00] Portfolios.WARNING: 404 [] []
[2023-01-09T09:08:34.198635+00:00] Portfolios.WARNING: 404 [] []
[2023-01-09T09:08:34.600398+00:00] Portfolios.WARNING: 404 [] []
[2023-01-09T09:08:39.546254+00:00] Portfolios.WARNING: 404 [] []
[2023-01-09T09:08:39.893071+00:00] Portfolios.WARNING: 404 [] []
[2023-01-09T09:08:40.012331+00:00] Portfolios.WARNING: 404 [] []
[2023-01-09T09:08:40.386626+00:00] Portfolios.WARNING: 404 [] []
[2023-01-09T09:11:06.188399+00:00] Portfolios.WARNING: 404 [] []
[2023-01-09T09:11:06.633831+00:00] Portfolios.WARNING: 404 [] []
[2023-01-09T09:11:06.771280+00:00] Portfolios.WARNING: 404 [] []
[2023-01-09T09:11:07.203358+00:00] Portfolios.WARNING: 404 [] []
[2023-01-09T09:11:07.829461+00:00] Portfolios.WARNING: 404 [] []
[2023-01-09T09:11:08.171571+00:00] Portfolios.WARNING: 404 [] []
[2023-01-09T09:11:08.258656+00:00] Portfolios.WARNING: 404 [] []
[2023-01-09T09:11:08.721086+00:00] Portfolios.WARNING: 404 [] []
[2023-01-09T09:12:34.770136+00:00] Portfolios.WARNING: 404 [] []
[2023-01-09T09:12:34.921688+00:00] Portfolios.WARNING: 404 [] []
[2023-01-09T09:12:35.527889+00:00] Portfolios.WARNING: 404 [] []
[2023-01-09T09:12:35.608031+00:00] Portfolios.WARNING: 404 [] []
[2023-01-09T09:12:36.033989+00:00] Portfolios.WARNING: 404 [] []
[2023-01-09T09:18:54.147937+00:00] Portfolios.WARNING: 404 [] []
[2023-01-09T09:18:54.256917+00:00] Portfolios.WARNING: 404 [] []
[2023-01-09T09:18:54.749354+00:00] Portfolios.WARNING: 404 [] []
[2023-01-09T09:19:01.397952+00:00] Portfolios.WARNING: 404 [] []
[2023-01-09T09:19:01.517488+00:00] Portfolios.WARNING: 404 [] []
[2023-01-09T09:19:02.328212+00:00] Portfolios.WARNING: 404 [] []
[2023-01-09T09:19:02.413085+00:00] Portfolios.WARNING: 404 [] []
[2023-01-09T09:19:02.860612+00:00] Portfolios.WARNING: 404 [] []
[2023-01-09T09:19:43.044089+00:00] Portfolios.WARNING: 404 [] []
[2023-01-09T09:19:43.167699+00:00] Portfolios.WARNING: 404 [] []
[2023-01-09T09:19:43.593255+00:00] Portfolios.WARNING: 404 [] []
[2023-01-09T09:19:55.300815+00:00] Portfolios.WARNING: 404 [] []
[2023-01-09T09:19:55.640156+00:00] Portfolios.WARNING: 404 [] []
[2023-01-09T09:19:55.720320+00:00] Portfolios.WARNING: 404 [] []
[2023-01-09T09:19:56.184101+00:00] Portfolios.WARNING: 404 [] []
[2023-01-09T09:21:54.962569+00:00] Portfolios.WARNING: 404 [] []
[2023-01-09T09:21:55.090555+00:00] Portfolios.WARNING: 404 [] []
[2023-01-09T09:21:55.598308+00:00] Portfolios.WARNING: 404 [] []
[2023-01-09T09:22:06.825351+00:00] Portfolios.WARNING: 404 [] []
[2023-01-09T09:22:17.211963+00:00] Portfolios.WARNING: 404 [] []
[2023-01-09T09:23:50.977985+00:00] Portfolios.WARNING: 404 [] []
[2023-01-09T09:23:51.129818+00:00] Portfolios.WARNING: 404 [] []
[2023-01-09T09:23:51.667757+00:00] Portfolios.WARNING: 404 [] []
[2023-01-09T09:24:03.208842+00:00] Portfolios.WARNING: 404 [] []
[2023-01-09T09:24:03.601101+00:00] Portfolios.WARNING: 404 [] []
[2023-01-09T09:24:03.715820+00:00] Portfolios.WARNING: 404 [] []
[2023-01-09T09:24:04.151834+00:00] Portfolios.WARNING: 404 [] []
[2023-01-09T09:30:42.015028+00:00] Portfolios.WARNING: 404 [] []
[2023-01-09T09:30:42.463838+00:00] Portfolios.WARNING: 404 [] []
[2023-01-09T09:30:42.593340+00:00] Portfolios.WARNING: 404 [] []
[2023-01-09T09:30:43.092833+00:00] Portfolios.WARNING: 404 [] []
[2023-01-09T09:32:15.755095+00:00] Portfolios.WARNING: 404 [] []
[2023-01-09T09:32:16.175614+00:00] Portfolios.WARNING: 404 [] []
[2023-01-09T09:32:16.344230+00:00] Portfolios.WARNING: 404 [] []
[2023-01-09T09:32:16.756327+00:00] Portfolios.WARNING: 404 [] []
[2023-01-09T09:32:26.092344+00:00] Portfolios.WARNING: 404 [] []
[2023-01-09T09:32:26.509037+00:00] Portfolios.WARNING: 404 [] []
[2023-01-09T09:32:26.644419+00:00] Portfolios.WARNING: 404 [] []
[2023-01-09T09:32:27.035547+00:00] Portfolios.WARNING: 404 [] []
[2023-01-09T09:35:40.076185+00:00] Portfolios.WARNING: Adresas:[GET] / css/style.css nerastas [] []
[2023-01-09T09:35:40.182007+00:00] Portfolios.WARNING: Adresas:[GET] / css/layout.css nerastas [] []
[2023-01-09T09:35:40.642436+00:00] Portfolios.WARNING: Adresas:[GET] / favicon.ico nerastas [] []
[2023-01-09T09:35:48.358200+00:00] Portfolios.WARNING: Adresas:[POST] /  nerastas [] []
[2023-01-09T09:35:48.761866+00:00] Portfolios.WARNING: Adresas:[GET] / css/style.css nerastas [] []
[2023-01-09T09:35:48.894026+00:00] Portfolios.WARNING: Adresas:[GET] / css/layout.css nerastas [] []
[2023-01-09T09:35:49.266917+00:00] Portfolios.WARNING: Adresas:[GET] / favicon.ico nerastas [] []
[2023-01-09T09:39:29.341491+00:00] Portfolios.WARNING: Adresas:[GET] / css/style.css nerastas [] []
[2023-01-09T09:39:29.454559+00:00] Portfolios.WARNING: Adresas:[GET] / css/layout.css nerastas [] []
[2023-01-09T09:39:29.967592+00:00] Portfolios.WARNING: Adresas:[GET] / favicon.ico nerastas [] []
[2023-01-09T09:39:38.388060+00:00] Portfolios.WARNING: Adresas:[POST] /  nerastas [] []
[2023-01-09T09:39:38.789685+00:00] Portfolios.WARNING: Adresas:[GET] / css/style.css nerastas [] []
[2023-01-09T09:39:38.899621+00:00] Portfolios.WARNING: Adresas:[GET] / css/layout.css nerastas [] []
[2023-01-09T09:39:39.305966+00:00] Portfolios.WARNING: Adresas:[GET] / favicon.ico nerastas [] []
[2023-01-09T09:39:42.716245+00:00] Portfolios.WARNING: Adresas:[POST] /  nerastas [] []
[2023-01-09T09:39:43.040453+00:00] Portfolios.WARNING: Adresas:[GET] / css/layout.css nerastas [] []
[2023-01-09T09:39:43.115678+00:00] Portfolios.WARNING: Adresas:[GET] / css/style.css nerastas [] []
[2023-01-09T09:39:43.556569+00:00] Portfolios.WARNING: Adresas:[GET] / favicon.ico nerastas [] []
[2023-01-09T09:39:50.685222+00:00] Portfolios.WARNING: Adresas:[POST] /  nerastas [] []
[2023-01-09T09:39:51.053802+00:00] Portfolios.WARNING: Adresas:[GET] / css/style.css nerastas [] []
[2023-01-09T09:39:51.203115+00:00] Portfolios.WARNING: Adresas:[GET] / css/layout.css nerastas [] []
[2023-01-09T09:39:51.608960+00:00] Portfolios.WARNING: Adresas:[GET] / favicon.ico nerastas [] []
[2023-01-09T09:40:51.049964+00:00] Portfolios.WARNING: Adresas:[POST] /  nerastas [] []
[2023-01-09T09:40:51.520404+00:00] Portfolios.WARNING: Adresas:[GET] / css/style.css nerastas [] []
[2023-01-09T09:40:51.659691+00:00] Portfolios.WARNING: Adresas:[GET] / css/layout.css nerastas [] []
[2023-01-09T09:40:52.071324+00:00] Portfolios.WARNING: Adresas:[GET] / favicon.ico nerastas [] []
[2023-01-09T09:52:46.037122+00:00] Portfolios.WARNING: Adresas: [POST] / nerastas [] []
[2023-01-09T09:52:46.708094+00:00] Portfolios.WARNING: Adresas: [GET] /css/style.css nerastas [] []
[2023-01-09T09:52:46.907355+00:00] Portfolios.WARNING: Adresas: [GET] /css/layout.css nerastas [] []
[2023-01-09T09:52:47.482444+00:00] Portfolios.WARNING: Adresas: [GET] /favicon.ico nerastas [] []
[2023-01-09T09:53:06.613777+00:00] Portfolios.WARNING: Adresas: [POST] / nerastas [] []
[2023-01-09T09:53:07.185046+00:00] Portfolios.WARNING: Adresas: [GET] /css/style.css nerastas [] []
[2023-01-09T09:53:07.354722+00:00] Portfolios.WARNING: Adresas: [GET] /css/layout.css nerastas [] []
[2023-01-09T09:53:07.927592+00:00] Portfolios.WARNING: Adresas: [GET] /favicon.ico nerastas [] []
[2023-01-09T09:58:55.898422+00:00] Portfolios.WARNING: Adresas: [GET] /css/layout.css nerastas [] []
[2023-01-09T09:58:56.082015+00:00] Portfolios.WARNING: Adresas: [GET] /css/style.css nerastas [] []
[2023-01-09T09:58:56.960593+00:00] Portfolios.WARNING: Adresas: [GET] /favicon.ico nerastas [] []
[2023-01-09T09:59:11.872838+00:00] Portfolios.WARNING: Adresas: [POST] / nerastas [] []
[2023-01-09T09:59:12.482566+00:00] Portfolios.WARNING: Adresas: [GET] /css/style.css nerastas [] []
[2023-01-09T09:59:12.666434+00:00] Portfolios.WARNING: Adresas: [GET] /css/layout.css nerastas [] []
[2023-01-09T09:59:13.275062+00:00] Portfolios.WARNING: Adresas: [GET] /favicon.ico nerastas [] []
[2023-01-09T09:59:50.218859+00:00] Portfolios.WARNING: Adresas: [POST] / nerastas [] []
[2023-01-09T09:59:50.787081+00:00] Portfolios.WARNING: Adresas: [GET] /css/style.css nerastas [] []
[2023-01-09T09:59:50.961240+00:00] Portfolios.WARNING: Adresas: [GET] /css/layout.css nerastas [] []
[2023-01-09T09:59:51.607251+00:00] Portfolios.WARNING: Adresas: [GET] /favicon.ico nerastas [] []
[2023-01-09T10:01:53.352157+00:00] Portfolios.WARNING: Adresas: [POST] / nerastas [] []
[2023-01-09T10:01:53.920050+00:00] Portfolios.WARNING: Adresas: [GET] /css/style.css nerastas [] []
[2023-01-09T10:01:54.102667+00:00] Portfolios.WARNING: Adresas: [GET] /css/layout.css nerastas [] []
[2023-01-09T10:01:54.720611+00:00] Portfolios.WARNING: Adresas: [GET] /favicon.ico nerastas [] []
[2023-01-09T10:03:54.557314+00:00] Portfolios.WARNING: Adresas: [POST] / nerastas [] []
[2023-01-09T10:03:55.125931+00:00] Portfolios.WARNING: Adresas: [GET] /css/style.css nerastas [] []
[2023-01-09T10:03:55.285048+00:00] Portfolios.WARNING: Adresas: [GET] /css/layout.css nerastas [] []
[2023-01-09T10:03:55.854271+00:00] Portfolios.WARNING: Adresas: [GET] /favicon.ico nerastas [] []
[2023-01-09T10:03:59.672437+00:00] Portfolios.WARNING: Adresas: [POST] / nerastas [] []
[2023-01-09T10:04:00.074646+00:00] Portfolios.WARNING: Adresas: [GET] /css/style.css nerastas [] []
[2023-01-09T10:04:00.176410+00:00] Portfolios.WARNING: Adresas: [GET] /css/layout.css nerastas [] []
[2023-01-09T10:04:00.855245+00:00] Portfolios.WARNING: Adresas: [GET] /favicon.ico nerastas [] []
[2023-01-09T10:04:11.010244+00:00] Portfolios.WARNING: Adresas: [GET] /favicon.ico nerastas [] []
[2023-01-09T10:04:17.352937+00:00] Portfolios.WARNING: Adresas: [GET] /favicon.ico nerastas [] []
[2023-01-09T10:04:26.980871+00:00] Portfolios.WARNING: Adresas: [GET] /favicon.ico nerastas [] []
[2023-01-09T10:05:05.520701+00:00] Portfolios.WARNING: Adresas: [GET] /css/style.css nerastas [] []
[2023-01-09T10:05:05.674824+00:00] Portfolios.WARNING: Adresas: [GET] /css/layout.css nerastas [] []
[2023-01-09T10:05:06.225798+00:00] Portfolios.WARNING: Adresas: [GET] /favicon.ico nerastas [] []
[2023-01-09T10:05:19.468587+00:00] Portfolios.WARNING: Adresas: [POST] / nerastas [] []
[2023-01-09T10:05:19.870555+00:00] Portfolios.WARNING: Adresas: [GET] /css/style.css nerastas [] []
[2023-01-09T10:05:19.969066+00:00] Portfolios.WARNING: Adresas: [GET] /css/layout.css nerastas [] []
[2023-01-09T10:05:20.574940+00:00] Portfolios.WARNING: Adresas: [GET] /favicon.ico nerastas [] []
[2023-01-09T10:08:14.514051+00:00] Portfolios.WARNING: Adresas: [POST] / nerastas [] []
[2023-01-09T10:08:15.046542+00:00] Portfolios.WARNING: Adresas: [GET] /css/style.css nerastas [] []
[2023-01-09T10:08:15.212268+00:00] Portfolios.WARNING: Adresas: [GET] /css/layout.css nerastas [] []
[2023-01-09T10:08:15.779898+00:00] Portfolios.WARNING: Adresas: [GET] /favicon.ico nerastas [] []
[2023-01-09T10:11:37.537288+00:00] Portfoliosimus.WARNING: Adresas: [POST] / nerastas [] []
[2023-01-09T10:11:38.154429+00:00] Portfoliosimus.WARNING: Adresas: [GET] /css/style.css nerastas [] []
[2023-01-09T10:11:38.342431+00:00] Portfoliosimus.WARNING: Adresas: [GET] /css/layout.css nerastas [] []
[2023-01-09T10:11:38.922868+00:00] Portfoliosimus.WARNING: Adresas: [GET] /favicon.ico nerastas [] []
[2023-01-09T10:12:18.742822+00:00] Portfoliosimus.WARNING: Adresas: [POST] / nerastas [] []
[2023-01-09T10:12:19.294987+00:00] Portfoliosimus.WARNING: Adresas: [GET] /css/style.css nerastas [] []
[2023-01-09T10:12:19.479483+00:00] Portfoliosimus.WARNING: Adresas: [GET] /css/layout.css nerastas [] []
[2023-01-09T10:12:20.015330+00:00] Portfoliosimus.WARNING: Adresas: [GET] /favicon.ico nerastas [] []
[2023-01-09T10:12:20.833921+00:00] Portfoliosimus.WARNING: Adresas: [POST] / nerastas [] []
[2023-01-09T10:12:21.274326+00:00] Portfoliosimus.WARNING: Adresas: [GET] /css/layout.css nerastas [] []
[2023-01-09T10:12:21.398680+00:00] Portfoliosimus.WARNING: Adresas: [GET] /css/style.css nerastas [] []
[2023-01-09T10:12:22.044312+00:00] Portfoliosimus.WARNING: Adresas: [GET] /favicon.ico nerastas [] []
[2023-01-09T10:14:03.018759+00:00] Portfoliosimus.WARNING: Adresas: [POST] / nerastas [] []
[2023-01-09T10:14:03.579807+00:00] Portfoliosimus.WARNING: Adresas: [GET] /favicon.ico nerastas [] []
[2023-01-09T10:14:40.450080+00:00] Portfoliosimus.WARNING: Adresas: [POST] / nerastas [] []
[2023-01-09T10:14:40.928908+00:00] Portfoliosimus.WARNING: Adresas: [GET] /favicon.ico nerastas [] []
[2023-01-09T10:18:02.885573+00:00] Portfoliosimus.WARNING: Adresas: [GET] /favicon.ico nerastas [] []
[2023-01-09T10:20:03.890234+00:00] Portfoliosimus.WARNING: Adresas: [POST] / nerastas [] []
[2023-01-09T10:20:04.413705+00:00] Portfoliosimus.WARNING: Adresas: [GET] /favicon.ico nerastas [] []
[2023-01-09T10:20:52.203073+00:00] Portfoliosimus.WARNING: Adresas: [POST] / nerastas [] []
[2023-01-09T10:20:52.777808+00:00] Portfoliosimus.WARNING: Adresas: [GET] /favicon.ico nerastas [] []
[2023-01-09T10:22:29.464399+00:00] Portfoliosimus.WARNING: Adresas: [GET] /favicon.ico nerastas [] []
[2023-01-09T10:25:20.714799+00:00] Portfoliosimus.WARNING: Adresas: [POST] / nerastas [] []
[2023-01-09T10:25:21.359109+00:00] Portfoliosimus.WARNING: Adresas: [GET] /path/to/favicon.ico nerastas [] []
[2023-01-09T10:29:24.312169+00:00] Portfoliosimus.WARNING: Adresas: [POST] / nerastas [] []
[2023-01-09T10:36:54.551388+00:00] Portfoliosimus.WARNING: Adresas: [POST] / nerastas [] []
[2023-01-09T10:47:35.494885+00:00] Portfoliosimus.WARNING: Adresas: [POST] / nerastas [] []
[2023-01-09T10:48:50.439328+00:00] Portfoliosimus.WARNING: Adresas: [POST] / nerastas [] []
[2023-01-09T10:49:54.079979+00:00] Portfoliosimus.WARNING: Adresas: [GET] /favicon.ico nerastas [] []
[2023-01-09T10:50:37.481365+00:00] Portfoliosimus.WARNING: Adresas: [GET] /favicon.ico nerastas [] []
[2023-01-09T10:50:49.514017+00:00] Portfoliosimus.WARNING: Adresas: [POST] / nerastas [] []
[2023-01-09T10:53:35.665113+00:00] Portfoliosimus.WARNING: Adresas: [POST] / nerastas [] []
[2023-01-09T10:54:26.991194+00:00] Portfoliosimus.WARNING: Adresas: [GET] /favicon.ico nerastas [] []
[2023-01-09T10:54:33.083317+00:00] Portfoliosimus.WARNING: Adresas: [GET] /favicon.ico nerastas [] []
[2023-01-09T10:54:46.268189+00:00] Portfoliosimus.WARNING: Adresas: [GET] /favicon.ico nerastas [] []
[2023-01-09T11:30:57.997943+00:00] Portfoliosimus.WARNING: Adresas: [GET] /favicon.ico nerastas [] []
[2023-01-09T11:30:59.108943+00:00] Portfoliosimus.WARNING: Adresas: [GET] /favicon.ico nerastas [] []
[2023-01-09T11:45:09.426893+00:00] Portfoliosimus.WARNING: Adresas: [GET] /favicon.ico nerastas [] []
[2023-01-09T11:45:33.507905+00:00] Portfoliosimus.WARNING: Adresas: [GET] /favicon.ico nerastas [] []
[2023-01-09T11:45:51.360116+00:00] Portfoliosimus.WARNING: Adresas: [GET] /favicon.ico nerastas [] []
[2023-01-09T11:46:57.032350+00:00] Portfoliosimus.WARNING: Adresas: [GET] /favicon.ico nerastas [] []
[2023-01-09T11:48:25.717485+00:00] Portfoliosimus.WARNING: Adresas: [GET] /favicon.ico nerastas [] []
[2023-01-09T11:52:23.694507+00:00] Portfoliosimus.WARNING: Adresas: [GET] /favicon.ico nerastas [] []
Puslapis atidarytasPuslapis atidarytas[2023-01-09T11:55:44.356346+00:00] Portfoliosimus.WARNING: Adresas: [GET] /favicon.ico nerastas [] []
Puslapis atidarytasPuslapis atidarytasPuslapis atidarytasPuslapis atidarytasPuslapis atidarytas[2023-01-09T11:57:06.829227+00:00] Portfoliosimus.WARNING: Adresas: [GET] /favicon.ico nerastas [] []
Puslapis atidarytasPuslapis atidarytasPuslapis atidarytasPuslapis atidarytasPuslapis atidarytasPuslapis atidarytasPuslapis atidarytas[2023-01-09T11:57:17.706115+00:00] Portfoliosimus.WARNING: Adresas: [GET] /favicon.ico nerastas [] []
Puslapis atidarytasPuslapis atidarytasPuslapis atidarytasPuslapis atidarytasPuslapis atidarytasPuslapis atidarytasPuslapis atidarytas[2023-01-09T11:57:23.092599+00:00] Portfoliosimus.WARNING: Adresas: [GET] /favicon.ico nerastas [] []
Puslapis atidarytasPuslapis atidarytasPuslapis atidarytasPuslapis atidarytasPuslapis atidarytasPuslapis atidarytasPuslapis atidarytas[2023-01-09T11:59:30.912256+00:00] Portfoliosimus.WARNING: Adresas: [GET] /favicon.ico nerastas [] []
Puslapis atidarytasPuslapis atidarytasPuslapis atidarytas[2023-01-09T11:59:31.936168+00:00] Portfoliosimus.WARNING: Adresas: [GET] /favicon.ico nerastas [] []
Puslapis atidarytasPuslapis atidarytasPuslapis atidarytas[2023-01-09T11:59:47.530090+00:00] Portfoliosimus.WARNING: Adresas: [GET] /favicon.ico nerastas [] []
Puslapis atidarytasPuslapis atidarytasPuslapis atidarytas[2023-01-09T12:00:13.909589+00:00] Portfoliosimus.WARNING: Adresas: [GET] /favicon.ico nerastas [] []
Puslapis atidarytasPuslapis atidarytasPuslapis atidarytasPuslapis atidarytas[2023-01-09T12:00:33.975623+00:00] Portfoliosimus.WARNING: Adresas: [GET] /favicon.ico nerastas [] []
Puslapis atidarytas[2023-01-09T13:01:48.027190+00:00] Portfoliosimus.WARNING: Adresas: [GET] /favicon.ico nerastas [] []
[2023-01-09T13:04:35.566477+00:00] Portfoliosimus.WARNING: Adresas: [GET] /favicon.ico nerastas [] []
[2023-01-09T13:04:47.435245+00:00] Portfoliosimus.WARNING: Adresas: [GET] /css/bootstrap.css.map nerastas [] []
[2023-01-09T13:04:47.804182+00:00] Portfoliosimus.WARNING: Adresas: [GET] /favicon.ico nerastas [] []
[2023-01-09T13:05:32.270480+00:00] Portfoliosimus.WARNING: Adresas: [GET] /favicon.ico nerastas [] []
[2023-01-09T13:23:55.447660+00:00] Portfolio.WARNING: Adresas: [GET] /css/bootstrap.css.map nerastas [] []
[2023-01-09T13:24:33.196969+00:00] Portfolio.WARNING: Adresas: [GET] /favicon.ico nerastas [] []
[2023-01-09T13:24:36.652324+00:00] Portfolio.WARNING: Adresas: [GET] /css/bootstrap.css.map nerastas [] []
[2023-01-09T13:24:52.085331+00:00] Portfolio.WARNING: Adresas: [GET] /favicon.ico nerastas [] []
[2023-01-09T13:24:58.216294+00:00] Portfolio.INFO: Kontaktai atidaryti [] []
[2023-01-09T13:24:59.405737+00:00] Portfolio.WARNING: Adresas: [GET] /css/bootstrap.css.map nerastas [] []
[2023-01-09T13:24:59.837660+00:00] Portfolio.WARNING: Adresas: [GET] /favicon.ico nerastas [] []
[2023-01-09T13:28:20.813442+00:00] Portfolio.INFO: Kontaktai atidaryti [] []
[2023-01-09T13:28:24.979980+00:00] Portfolio.WARNING: Adresas: [GET] /favicon.ico nerastas [] []
[2023-01-09T13:28:25.530803+00:00] Portfolio.WARNING: Adresas: [GET] /css/bootstrap.css.map nerastas [] []
[2023-01-09T13:28:30.425149+00:00] Portfolio.WARNING: Adresas: [GET] /css/bootstrap.css.map nerastas [] []
[2023-01-09T13:28:30.856287+00:00] Portfolio.WARNING: Adresas: [GET] /favicon.ico nerastas [] []
[2023-01-09T13:28:32.415798+00:00] Portfolio.INFO: Kontaktai atidaryti [] []
[2023-01-09T13:28:33.395779+00:00] Portfolio.WARNING: Adresas: [GET] /css/bootstrap.css.map nerastas [] []
[2023-01-09T13:28:33.599294+00:00] Portfolio.WARNING: Adresas: [GET] /favicon.ico nerastas [] []
[2023-01-09T13:30:06.804057+00:00] Portfolio.INFO: Kontaktai atidaryti [] []
[2023-01-09T13:30:07.927351+00:00] Portfolio.WARNING: Adresas: [GET] /css/bootstrap.css.map nerastas [] []
[2023-01-09T13:30:08.151149+00:00] Portfolio.WARNING: Adresas: [GET] /favicon.ico nerastas [] []
[2023-01-09T13:32:41.774454+00:00] Portfolio.WARNING: Adresas: [GET] /favicon.ico nerastas [] []
[2023-01-09T13:32:42.477063+00:00] Portfolio.WARNING: Adresas: [GET] /css/bootstrap.css.map nerastas [] []
[2023-01-09T13:33:17.107078+00:00] Portfolio.INFO: Kontaktai atidaryti [] []
[2023-01-09T13:33:18.560182+00:00] Portfolio.WARNING: Adresas: [GET] /css/bootstrap.css.map nerastas [] []
[2023-01-09T13:33:18.858103+00:00] Portfolio.WARNING: Adresas: [GET] /favicon.ico nerastas [] []
[2023-01-09T13:34:29.954100+00:00] Portfolio.WARNING: Adresas: [GET] /css/bootstrap.css.map nerastas [] []
[2023-01-09T13:34:40.887436+00:00] Portfolio.WARNING: Adresas: [GET] /favicon.ico nerastas [] []
[2023-01-09T13:34:48.897400+00:00] Portfolio.INFO: Kontaktai atidaryti [] []
[2023-01-09T13:34:49.984230+00:00] Portfolio.WARNING: Adresas: [GET] /favicon.ico nerastas [] []
[2023-01-09T13:38:51.065403+00:00] Portfolio.INFO: Kontaktai atidaryti [] []
[2023-01-09T13:38:52.678505+00:00] Portfolio.WARNING: Adresas: [GET] /favicon.ico nerastas [] []
[2023-01-09T13:39:37.968006+00:00] Portfolio.INFO: Kontaktai atidaryti [] []
[2023-01-09T13:39:38.487229+00:00] Portfolio.WARNING: Adresas: [GET] /favicon.ico nerastas [] []
[2023-01-09T13:43:34.315062+00:00] Portfolio.INFO: Kontaktai atidaryti [] []
[2023-01-09T13:44:26.486320+00:00] Portfolio.WARNING: Adresas: [GET] /favicon.ico nerastas [] []
[2023-01-09T13:55:46.720306+00:00] Portfolio.INFO: Kontaktai atidaryti [] []
[2023-01-09T14:03:07.673799+00:00] Portfolio.INFO: Kontaktai atidaryti [] []
[2023-01-09T14:03:08.340048+00:00] Portfolio.WARNING: Adresas: [GET] /favicon.ico nerastas [] []
[2023-01-09T14:13:52.449991+00:00] Portfolio.WARNING: Adresas: [GET] /favicon.ico nerastas [] []
